Release 14.7 Map P.20131013 (nt64)
Xilinx Mapping Report File for Design 'Examen'

Design Information
------------------
Command Line   : map -intstyle ise -p xc6slx9-csg324-2 -w -logic_opt off -ol
high -t 1 -xt 0 -register_duplication off -r 4 -global_opt off -mt off -ir off
-pr off -lc off -power off -o Examen_map.ncd Examen.ngd Examen.pcf 
Target Device  : xc6slx9
Target Package : csg324
Target Speed   : -2
Mapper Version : spartan6 -- $Revision: 1.55 $
Mapped Date    : Thu Apr 20 14:59:41 2023

Design Summary
--------------
Number of errors:      0
Number of warnings:    0
Slice Logic Utilization:
  Number of Slice Registers:                   183 out of  11,440    1%
    Number used as Flip Flops:                 183
    Number used as Latches:                      0
    Number used as Latch-thrus:                  0
    Number used as AND/OR logics:                0
  Number of Slice LUTs:                        449 out of   5,720    7%
    Number used as logic:                      442 out of   5,720    7%
      Number using O6 output only:             266
      Number using O5 output only:             111
      Number using O5 and O6:                   65
      Number used as ROM:                        0
    Number used as Memory:                       0 out of   1,440    0%
    Number used exclusively as route-thrus:      7
      Number with same-slice register load:      0
      Number with same-slice carry load:         5
      Number with other load:                    2

Slice Logic Distribution:
  Number of occupied Slices:                   158 out of   1,430   11%
  Number of MUXCYs used:                       148 out of   2,860    5%
  Number of LUT Flip Flop pairs used:          451
    Number with an unused Flip Flop:           280 out of     451   62%
    Number with an unused LUT:                   2 out of     451    1%
    Number of fully used LUT-FF pairs:         169 out of     451   37%
    Number of unique control sets:              22
    Number of slice register sites lost
      to control set restrictions:             121 out of  11,440    1%

  A LUT Flip Flop pair for this architecture represents one LUT paired with
  one Flip Flop within a slice.  A control set is a unique combination of
  clock, reset, set, and enable signals for a registered element.
  The Slice Logic Distribution report is not meaningful if the design is
  over-mapped for a non-slice resource or if Placement fails.

IO Utilization:
  Number of bonded IOBs:                       105 out of     200   52%

Specific Feature Utilization:
  Number of RAMB16BWERs:                         0 out of      32    0%
  Number of RAMB8BWERs:                          0 out of      64    0%
  Number of BUFIO2/BUFIO2_2CLKs:                 0 out of      32    0%
  Number of BUFIO2FB/BUFIO2FB_2CLKs:             0 out of      32    0%
  Number of BUFG/BUFGMUXs:                       7 out of      16   43%
    Number used as BUFGs:                        7
    Number used as BUFGMUX:                      0
  Number of DCM/DCM_CLKGENs:                     0 out of       4    0%
  Number of ILOGIC2/ISERDES2s:                   0 out of     200    0%
  Number of IODELAY2/IODRP2/IODRP2_MCBs:         0 out of     200    0%
  Number of OLOGIC2/OSERDES2s:                   0 out of     200    0%
  Number of BSCANs:                              0 out of       4    0%
  Number of BUFHs:                               0 out of     128    0%
  Number of BUFPLLs:                             0 out of       8    0%
  Number of BUFPLL_MCBs:                         0 out of       4    0%
  Number of DSP48A1s:                            0 out of      16    0%
  Number of ICAPs:                               0 out of       1    0%
  Number of MCBs:                                0 out of       2    0%
  Number of PCILOGICSEs:                         0 out of       2    0%
  Number of PLL_ADVs:                            0 out of       2    0%
  Number of PMVs:                                0 out of       1    0%
  Number of STARTUPs:                            0 out of       1    0%
  Number of SUSPEND_SYNCs:                       0 out of       1    0%

Average Fanout of Non-Clock Nets:                4.16

Peak Memory Usage:  4501 MB
Total REAL time to MAP completion:  1 mins 23 secs 
Total CPU time to MAP completion:   57 secs 

Table of Contents
-----------------
Section 1 - Errors
Section 2 - Warnings
Section 3 - Informational
Section 4 - Removed Logic Summary
Section 5 - Removed Logic
Section 6 - IOB Properties
Section 7 - RPMs
Section 8 - Guide Report
Section 9 - Area Group and Partition Summary
Section 10 - Timing Report
Section 11 - Configuration String Information
Section 12 - Control Set Information
Section 13 - Utilization by Hierarchy

Section 1 - Errors
------------------

Section 2 - Warnings
--------------------

Section 3 - Informational
-------------------------
INFO:LIT:243 - Logical network iEstado_Temp<1> has no load.
INFO:LIT:395 - The above info message is repeated 27 more times for the
   following (max. 5 shown):
   iEstado_Temp<0>,
   iLed_Tiempo_Centrifugado<3>,
   iLed_Tiempo_Centrifugado<2>,
   iLed_Tiempo_Centrifugado<1>,
   iLed_Tiempo_Centrifugado<0>
   To see the details of these info messages, please use the -detail switch.
INFO:MapLib:562 - No environment variables are currently set.
INFO:LIT:244 - All of the single ended outputs in this design are using slew
   rate limited output drivers. The delay on speed critical single ended outputs
   can be dramatically reduced by designating them as fast outputs.
INFO:Pack:1716 - Initializing temperature to 85.000 Celsius. (default - Range:
   0.000 to 85.000 Celsius)
INFO:Pack:1720 - Initializing voltage to 1.140 Volts. (default - Range: 1.140 to
   1.260 Volts)
INFO:Map:215 - The Interim Design Summary has been generated in the MAP Report
   (.mrp).
INFO:Pack:1650 - Map created a placed design.

Section 4 - Removed Logic Summary
---------------------------------
   2 block(s) optimized away

Section 5 - Removed Logic
-------------------------

Optimized Block(s):
TYPE 		BLOCK
GND 		XST_GND
VCC 		XST_VCC

To enable printing of redundant blocks removed and signals merged, set the
detailed map report option and rerun map.

Section 6 - IOB Properties
--------------------------

+---------------------------------------------------------------------------------------------------------------------------------------------------------+
| IOB Name                           | Type             | Direction | IO Standard          | Diff  | Drive    | Slew | Reg (s)      | Resistor | IOB      |
|                                    |                  |           |                      | Term  | Strength | Rate |              |          | Delay    |
+---------------------------------------------------------------------------------------------------------------------------------------------------------+
| LED3                               | IOB              | OUTPUT    | LVCMOS25             |       | 12       | SLOW |              |          |          |
| btn                                | IOB              | OUTPUT    | LVCMOS25             |       | 12       | SLOW |              |          |          |
| clk_in                             | IOB              | INPUT     | LVCMOS25             |       |          |      |              |          |          |
| clk_out                            | IOB              | OUTPUT    | LVCMOS25             |       | 12       | SLOW |              |          |          |
| clk_outDisplay                     | IOB              | OUTPUT    | LVCMOS25             |       | 12       | SLOW |              |          |          |
| clk_outs                           | IOB              | OUTPUT    | LVCMOS25             |       | 12       | SLOW |              |          |          |
| estado<0>                          | IOB              | OUTPUT    | LVCMOS25             |       | 12       | SLOW |              |          |          |
| estado<1>                          | IOB              | OUTPUT    | LVCMOS25             |       | 12       | SLOW |              |          |          |
| estado<2>                          | IOB              | OUTPUT    | LVCMOS25             |       | 12       | SLOW |              |          |          |
| iAgua_Caliente                     | IOB              | OUTPUT    | LVCMOS25             |       | 12       | SLOW |              |          |          |
| iAgua_Fria                         | IOB              | OUTPUT    | LVCMOS25             |       | 12       | SLOW |              |          |          |
| iBase_Segmentos<0>                 | IOB              | OUTPUT    | LVCMOS25             |       | 12       | SLOW |              |          |          |
| iBase_Segmentos<1>                 | IOB              | OUTPUT    | LVCMOS25             |       | 12       | SLOW |              |          |          |
| iBase_Segmentos<2>                 | IOB              | OUTPUT    | LVCMOS25             |       | 12       | SLOW |              |          |          |
| iBoton_Temperatura                 | IOB              | INPUT     | LVCMOS25             |       |          |      |              |          |          |
| iBoton_Tiempo                      | IOB              | INPUT     | LVCMOS25             |       |          |      |              |          |          |
| iBoton_Tiempo_Lavado               | IOB              | INPUT     | LVCMOS25             |       |          |      |              |          |          |
| iCLK_Tiempo_1HZ                    | IOB              | OUTPUT    | LVCMOS25             |       | 12       | SLOW |              |          |          |
| iCentrifugarL                      | IOB              | OUTPUT    | LVCMOS25             |       | 12       | SLOW |              |          |          |
| iEncender                          | IOB              | INPUT     | LVCMOS25             |       |          |      |              |          |          |
| iEncendido                         | IOB              | OUTPUT    | LVCMOS25             |       | 12       | SLOW |              |          |          |
| iEnjuagar_Centrifugar              | IOB              | OUTPUT    | LVCMOS25             |       | 12       | SLOW |              |          |          |
| iLavado_Fast                       | IOB              | OUTPUT    | LVCMOS25             |       | 12       | SLOW |              |          |          |
| iLed_Llenando                      | IOB              | OUTPUT    | LVCMOS25             |       | 12       | SLOW |              |          |          |
| iLed_Motor                         | IOB              | OUTPUT    | LVCMOS25             |       | 12       | SLOW |              |          |          |
| iLed_Segundos_Lavado<0>            | IOB              | OUTPUT    | LVCMOS25             |       | 12       | SLOW |              |          |          |
| iLed_Segundos_Lavado<1>            | IOB              | OUTPUT    | LVCMOS25             |       | 12       | SLOW |              |          |          |
| iLed_Segundos_Lavado<2>            | IOB              | OUTPUT    | LVCMOS25             |       | 12       | SLOW |              |          |          |
| iLed_Segundos_Lavado<3>            | IOB              | OUTPUT    | LVCMOS25             |       | 12       | SLOW |              |          |          |
| iLed_Temperatura<0>                | IOB              | OUTPUT    | LVCMOS25             |       | 12       | SLOW |              |          |          |
| iLed_Temperatura<1>                | IOB              | OUTPUT    | LVCMOS25             |       | 12       | SLOW |              |          |          |
| iLed_Temperatura<2>                | IOB              | OUTPUT    | LVCMOS25             |       | 12       | SLOW |              |          |          |
| iLed_Temperatura<3>                | IOB              | OUTPUT    | LVCMOS25             |       | 12       | SLOW |              |          |          |
| iLed_Tiempo_Lavado<0>              | IOB              | OUTPUT    | LVCMOS25             |       | 12       | SLOW |              |          |          |
| iLed_Tiempo_Lavado<1>              | IOB              | OUTPUT    | LVCMOS25             |       | 12       | SLOW |              |          |          |
| iLed_Tiempo_Lavado<2>              | IOB              | OUTPUT    | LVCMOS25             |       | 12       | SLOW |              |          |          |
| iLed_Tiempo_Lavado<3>              | IOB              | OUTPUT    | LVCMOS25             |       | 12       | SLOW |              |          |          |
| iLed_Vaceando                      | IOB              | OUTPUT    | LVCMOS25             |       | 12       | SLOW |              |          |          |
| iMusic                             | IOB              | OUTPUT    | LVCMOS25             |       | 12       | SLOW |              |          |          |
| iOu1t<0>                           | IOB              | OUTPUT    | LVCMOS25             |       | 12       | SLOW |              |          |          |
| iOu1t<1>                           | IOB              | OUTPUT    | LVCMOS25             |       | 12       | SLOW |              |          |          |
| iOu1t<2>                           | IOB              | OUTPUT    | LVCMOS25             |       | 12       | SLOW |              |          |          |
| iOu1t<3>                           | IOB              | OUTPUT    | LVCMOS25             |       | 12       | SLOW |              |          |          |
| iOu1t<4>                           | IOB              | OUTPUT    | LVCMOS25             |       | 12       | SLOW |              |          |          |
| iOu1t<5>                           | IOB              | OUTPUT    | LVCMOS25             |       | 12       | SLOW |              |          |          |
| iOu1t<6>                           | IOB              | OUTPUT    | LVCMOS25             |       | 12       | SLOW |              |          |          |
| iPausa                             | IOB              | INPUT     | LVCMOS25             |       |          |      |              |          |          |
| iSegmentos_Display<0>              | IOB              | OUTPUT    | LVCMOS25             |       | 12       | SLOW |              |          |          |
| iSegmentos_Display<1>              | IOB              | OUTPUT    | LVCMOS25             |       | 12       | SLOW |              |          |          |
| iSegmentos_Display<2>              | IOB              | OUTPUT    | LVCMOS25             |       | 12       | SLOW |              |          |          |
| iSegmentos_Display<3>              | IOB              | OUTPUT    | LVCMOS25             |       | 12       | SLOW |              |          |          |
| iSegmentos_Display<4>              | IOB              | OUTPUT    | LVCMOS25             |       | 12       | SLOW |              |          |          |
| iSegmentos_Display<5>              | IOB              | OUTPUT    | LVCMOS25             |       | 12       | SLOW |              |          |          |
| iSegmentos_Display<6>              | IOB              | OUTPUT    | LVCMOS25             |       | 12       | SLOW |              |          |          |
| iSelect<0>                         | IOB              | OUTPUT    | LVCMOS25             |       | 12       | SLOW |              |          |          |
| iSelect<1>                         | IOB              | OUTPUT    | LVCMOS25             |       | 12       | SLOW |              |          |          |
| iSelect<2>                         | IOB              | OUTPUT    | LVCMOS25             |       | 12       | SLOW |              |          |          |
| iSelect<3>                         | IOB              | OUTPUT    | LVCMOS25             |       | 12       | SLOW |              |          |          |
| iSelect<4>                         | IOB              | OUTPUT    | LVCMOS25             |       | 12       | SLOW |              |          |          |
| iSelect<5>                         | IOB              | OUTPUT    | LVCMOS25             |       | 12       | SLOW |              |          |          |
| iSelect<6>                         | IOB              | OUTPUT    | LVCMOS25             |       | 12       | SLOW |              |          |          |
| iSelect<7>                         | IOB              | OUTPUT    | LVCMOS25             |       | 12       | SLOW |              |          |          |
| iSelect<8>                         | IOB              | OUTPUT    | LVCMOS25             |       | 12       | SLOW |              |          |          |
| iSelect<9>                         | IOB              | OUTPUT    | LVCMOS25             |       | 12       | SLOW |              |          |          |
| iSelect<10>                        | IOB              | OUTPUT    | LVCMOS25             |       | 12       | SLOW |              |          |          |
| iSelect<11>                        | IOB              | OUTPUT    | LVCMOS25             |       | 12       | SLOW |              |          |          |
| iSelect<12>                        | IOB              | OUTPUT    | LVCMOS25             |       | 12       | SLOW |              |          |          |
| iSelect<13>                        | IOB              | OUTPUT    | LVCMOS25             |       | 12       | SLOW |              |          |          |
| iSelect<14>                        | IOB              | OUTPUT    | LVCMOS25             |       | 12       | SLOW |              |          |          |
| iSelect_2<0>                       | IOB              | OUTPUT    | LVCMOS25             |       | 12       | SLOW |              |          |          |
| iSelect_2<1>                       | IOB              | OUTPUT    | LVCMOS25             |       | 12       | SLOW |              |          |          |
| iSelect_2<2>                       | IOB              | OUTPUT    | LVCMOS25             |       | 12       | SLOW |              |          |          |
| iStart                             | IOB              | INPUT     | LVCMOS25             |       |          |      |              |          |          |
| iStart_out                         | IOB              | OUTPUT    | LVCMOS25             |       | 12       | SLOW |              |          |          |
| iTiempoLavado_1                    | IOB              | OUTPUT    | LVCMOS25             |       | 12       | SLOW |              |          |          |
| iTiempoLavado_2                    | IOB              | OUTPUT    | LVCMOS25             |       | 12       | SLOW |              |          |          |
| iTiempoLavado_3                    | IOB              | OUTPUT    | LVCMOS25             |       | 12       | SLOW |              |          |          |
| iTiempoLavado_4                    | IOB              | OUTPUT    | LVCMOS25             |       | 12       | SLOW |              |          |          |
| iTiempo_Alto                       | IOB              | OUTPUT    | LVCMOS25             |       | 12       | SLOW |              |          |          |
| iTiempo_Bajo                       | IOB              | OUTPUT    | LVCMOS25             |       | 12       | SLOW |              |          |          |
| iTiempo_FULL                       | IOB              | OUTPUT    | LVCMOS25             |       | 12       | SLOW |              |          |          |
| iTiempo_Medio                      | IOB              | OUTPUT    | LVCMOS25             |       | 12       | SLOW |              |          |          |
| led                                | IOB              | OUTPUT    | LVCMOS25             |       | 12       | SLOW |              |          |          |
| out2<0>                            | IOB              | OUTPUT    | LVCMOS25             |       | 12       | SLOW |              |          |          |
| out2<1>                            | IOB              | OUTPUT    | LVCMOS25             |       | 12       | SLOW |              |          |          |
| out2<2>                            | IOB              | OUTPUT    | LVCMOS25             |       | 12       | SLOW |              |          |          |
| out2<3>                            | IOB              | OUTPUT    | LVCMOS25             |       | 12       | SLOW |              |          |          |
| out2<4>                            | IOB              | OUTPUT    | LVCMOS25             |       | 12       | SLOW |              |          |          |
| out2<5>                            | IOB              | OUTPUT    | LVCMOS25             |       | 12       | SLOW |              |          |          |
| out2<6>                            | IOB              | OUTPUT    | LVCMOS25             |       | 12       | SLOW |              |          |          |
| out3<0>                            | IOB              | OUTPUT    | LVCMOS25             |       | 12       | SLOW |              |          |          |
| out3<1>                            | IOB              | OUTPUT    | LVCMOS25             |       | 12       | SLOW |              |          |          |
| out3<2>                            | IOB              | OUTPUT    | LVCMOS25             |       | 12       | SLOW |              |          |          |
| out3<3>                            | IOB              | OUTPUT    | LVCMOS25             |       | 12       | SLOW |              |          |          |
| out3<4>                            | IOB              | OUTPUT    | LVCMOS25             |       | 12       | SLOW |              |          |          |
| out3<5>                            | IOB              | OUTPUT    | LVCMOS25             |       | 12       | SLOW |              |          |          |
| out3<6>                            | IOB              | OUTPUT    | LVCMOS25             |       | 12       | SLOW |              |          |          |
| out<0>                             | IOB              | OUTPUT    | LVCMOS25             |       | 12       | SLOW |              |          |          |
| out<1>                             | IOB              | OUTPUT    | LVCMOS25             |       | 12       | SLOW |              |          |          |
| out<2>                             | IOB              | OUTPUT    | LVCMOS25             |       | 12       | SLOW |              |          |          |
| out<3>                             | IOB              | OUTPUT    | LVCMOS25             |       | 12       | SLOW |              |          |          |
| out<4>                             | IOB              | OUTPUT    | LVCMOS25             |       | 12       | SLOW |              |          |          |
| out<5>                             | IOB              | OUTPUT    | LVCMOS25             |       | 12       | SLOW |              |          |          |
| out<6>                             | IOB              | OUTPUT    | LVCMOS25             |       | 12       | SLOW |              |          |          |
| pb                                 | IOB              | INPUT     | LVCMOS25             |       |          |      |              |          |          |
+---------------------------------------------------------------------------------------------------------------------------------------------------------+

Section 7 - RPMs
----------------

Section 8 - Guide Report
------------------------
Guide not run on this design.

Section 9 - Area Group and Partition Summary
--------------------------------------------

Partition Implementation Status
-------------------------------

  No Partitions were found in this design.

-------------------------------

Area Group Information
----------------------

  No area groups were found in this design.

----------------------

Section 10 - Timing Report
--------------------------
A logic-level (pre-route) timing report can be generated by using Xilinx static
timing analysis tools, Timing Analyzer (GUI) or TRCE (command line), with the
mapped NCD and PCF files. Please note that this timing report will be generated
using estimated delay information. For accurate numbers, please generate a
timing report with the post Place and Route NCD file.

For more information about the Timing Analyzer, consult the Xilinx Timing
Analyzer Reference Manual; for more information about TRCE, consult the Xilinx
Command Line Tools User Guide "TRACE" chapter.

Section 11 - Configuration String Details
-----------------------------------------
Use the "-detail" map option to print out Configuration Strings

Section 12 - Control Set Information
------------------------------------
Use the "-detail" map option to print out Control Set Information.

Section 13 - Utilization by Hierarchy
-------------------------------------
Use the "-detail" map option to print out the Utilization by Hierarchy section.
