Release 14.7 - xst P.20131013 (nt64)
Copyright (c) 1995-2013 Xilinx, Inc.  All rights reserved.
--> Parameter TMPDIR set to xst/projnav.tmp


Total REAL time to Xst completion: 0.00 secs
Total CPU time to Xst completion: 0.24 secs
 
--> Parameter xsthdpdir set to xst


Total REAL time to Xst completion: 0.00 secs
Total CPU time to Xst completion: 0.24 secs
 
--> Reading design: Centrifugado.prj

TABLE OF CONTENTS
  1) Synthesis Options Summary
  2) HDL Parsing
  3) HDL Elaboration
  4) HDL Synthesis
       4.1) HDL Synthesis Report
  5) Advanced HDL Synthesis
       5.1) Advanced HDL Synthesis Report
  6) Low Level Synthesis
  7) Partition Report
  8) Design Summary
       8.1) Primitive and Black Box Usage
       8.2) Device utilization summary
       8.3) Partition Resource Summary
       8.4) Timing Report
            8.4.1) Clock Information
            8.4.2) Asynchronous Control Signals Information
            8.4.3) Timing Summary
            8.4.4) Timing Details
            8.4.5) Cross Clock Domains Report


=========================================================================
*                      Synthesis Options Summary                        *
=========================================================================
---- Source Parameters
Input File Name                    : "Centrifugado.prj"
Ignore Synthesis Constraint File   : NO

---- Target Parameters
Output File Name                   : "Centrifugado"
Output Format                      : NGC
Target Device                      : xc6slx9-2-csg324

---- Source Options
Top Module Name                    : Centrifugado
Automatic FSM Extraction           : YES
FSM Encoding Algorithm             : Auto
Safe Implementation                : No
FSM Style                          : LUT
RAM Extraction                     : Yes
RAM Style                          : Auto
ROM Extraction                     : Yes
Shift Register Extraction          : YES
ROM Style                          : Auto
Resource Sharing                   : YES
Asynchronous To Synchronous        : NO
Shift Register Minimum Size        : 2
Use DSP Block                      : Auto
Automatic Register Balancing       : No

---- Target Options
LUT Combining                      : Auto
Reduce Control Sets                : Auto
Add IO Buffers                     : YES
Global Maximum Fanout              : 100000
Add Generic Clock Buffer(BUFG)     : 16
Register Duplication               : YES
Optimize Instantiated Primitives   : NO
Use Clock Enable                   : Auto
Use Synchronous Set                : Auto
Use Synchronous Reset              : Auto
Pack IO Registers into IOBs        : Auto
Equivalent register Removal        : YES

---- General Options
Optimization Goal                  : Speed
Optimization Effort                : 1
Power Reduction                    : NO
Keep Hierarchy                     : No
Netlist Hierarchy                  : As_Optimized
RTL Output                         : Yes
Global Optimization                : AllClockNets
Read Cores                         : YES
Write Timing Constraints           : NO
Cross Clock Analysis               : NO
Hierarchy Separator                : /
Bus Delimiter                      : <>
Case Specifier                     : Maintain
Slice Utilization Ratio            : 100
BRAM Utilization Ratio             : 100
DSP48 Utilization Ratio            : 100
Auto BRAM Packing                  : NO
Slice Utilization Ratio Delta      : 5

=========================================================================


=========================================================================
*                          HDL Parsing                                  *
=========================================================================
Analyzing Verilog file "D:\silis\iExamenSistemas\instancia_centrifugado.v" into library work
Parsing module <Centrifugado>.
Analyzing Verilog file "D:\silis\iExamenSistemas\Examen.v" into library work
Parsing module <Examen>.
ERROR:HDLCompiler:806 - "D:\silis\iExamenSistemas\Examen.v" Line 95: Syntax error near ";".
ERROR:HDLCompiler:69 - "D:\silis\iExamenSistemas\Examen.v" Line 125: <counts> is not declared.
ERROR:HDLCompiler:69 - "D:\silis\iExamenSistemas\Examen.v" Line 127: <counts> is not declared.
ERROR:HDLCompiler:69 - "D:\silis\iExamenSistemas\Examen.v" Line 129: <counts> is not declared.
ERROR:HDLCompiler:69 - "D:\silis\iExamenSistemas\Examen.v" Line 136: <state> is not declared.
ERROR:HDLCompiler:69 - "D:\silis\iExamenSistemas\Examen.v" Line 138: <state> is not declared.
ERROR:HDLCompiler:69 - "D:\silis\iExamenSistemas\Examen.v" Line 141: <state> is not declared.
ERROR:HDLCompiler:69 - "D:\silis\iExamenSistemas\Examen.v" Line 143: <state> is not declared.
ERROR:HDLCompiler:69 - "D:\silis\iExamenSistemas\Examen.v" Line 149: <state2> is not declared.
ERROR:HDLCompiler:69 - "D:\silis\iExamenSistemas\Examen.v" Line 152: <state2> is not declared.
ERROR:HDLCompiler:69 - "D:\silis\iExamenSistemas\Examen.v" Line 158: <state2> is not declared.
ERROR:HDLCompiler:69 - "D:\silis\iExamenSistemas\Examen.v" Line 159: <state2> is not declared.
ERROR:HDLCompiler:69 - "D:\silis\iExamenSistemas\Examen.v" Line 161: <state2> is not declared.
ERROR:HDLCompiler:69 - "D:\silis\iExamenSistemas\Examen.v" Line 169: <siguiente_estado> is not declared.
ERROR:HDLCompiler:69 - "D:\silis\iExamenSistemas\Examen.v" Line 170: <iLavado_Rapido> is not declared.
ERROR:HDLCompiler:69 - "D:\silis\iExamenSistemas\Examen.v" Line 177: <siguiente_estado> is not declared.
ERROR:HDLCompiler:69 - "D:\silis\iExamenSistemas\Examen.v" Line 178: <iLavado_Rapido> is not declared.
ERROR:HDLCompiler:69 - "D:\silis\iExamenSistemas\Examen.v" Line 187: <iLavado_Rapido> is not declared.
ERROR:HDLCompiler:69 - "D:\silis\iExamenSistemas\Examen.v" Line 188: <siguiente_estado> is not declared.
Sorry, too many errors..
--> 

Total memory usage is 4448920 kilobytes

Number of errors   :   19 (   0 filtered)
Number of warnings :    0 (   0 filtered)
Number of infos    :    0 (   0 filtered)

